2025-02-27 08:49:04,178 - HousingPriceModel - INFO - Inicialización completada.
2025-02-27 08:49:04,178 - HousingPriceModel - INFO - Iniciando pipeline completo de entrenamiento...
2025-02-27 08:49:04,178 - HousingPriceModel - INFO - Cargando datos desde datasets\housing\housing.csv
2025-02-27 08:49:04,226 - HousingPriceModel - INFO - Datos cargados exitosamente. Shape: (20640, 10)
2025-02-27 08:49:04,228 - HousingPriceModel - INFO - Iniciando exploración de datos...
2025-02-27 08:49:04,270 - HousingPriceModel - INFO - Exploración básica completada.
2025-02-27 08:49:04,270 - HousingPriceModel - INFO - Generando visualizaciones...
2025-02-27 08:49:12,648 - HousingPriceModel - INFO - Visualizaciones generadas y guardadas en el directorio de figuras.
2025-02-27 08:49:12,648 - HousingPriceModel - INFO - Dividiendo datos en conjuntos de entrenamiento y prueba...
2025-02-27 08:49:12,671 - HousingPriceModel - INFO - Datos divididos. Conjunto de entrenamiento: (16512, 10), Conjunto de prueba: (4128, 10)
2025-02-27 08:49:12,673 - HousingPriceModel - INFO - Preprocesando datos...
2025-02-27 08:49:12,711 - HousingPriceModel - INFO - Datos preprocesados. Shape: (16512, 16)
2025-02-27 08:49:12,711 - HousingPriceModel - INFO - Características generadas: 16
2025-02-27 08:49:12,712 - HousingPriceModel - INFO - Entrenando y evaluando modelos...
2025-02-27 08:49:12,713 - HousingPriceModel - INFO - Entrenando modelo: LinearRegression
2025-02-27 08:49:12,813 - HousingPriceModel - INFO - Validación cruzada RMSE para LinearRegression: 69066
2025-02-27 08:49:12,813 - HousingPriceModel - INFO - Entrenando modelo: ElasticNet
2025-02-27 08:49:13,991 - HousingPriceModel - INFO - Mejores parámetros para ElasticNet: {'alpha': 0.1, 'l1_ratio': 0.9}
2025-02-27 08:49:13,991 - HousingPriceModel - INFO - Validación cruzada RMSE para ElasticNet: 69086
2025-02-27 08:49:13,993 - HousingPriceModel - INFO - Entrenando modelo: RandomForest
2025-02-27 09:09:44,637 - HousingPriceModel - INFO - Mejores parámetros para RandomForest: {'max_depth': None, 'max_features': 0.5, 'n_estimators': 200}
2025-02-27 09:09:44,638 - HousingPriceModel - INFO - Validación cruzada RMSE para RandomForest: 49180
2025-02-27 09:09:44,640 - HousingPriceModel - INFO - Entrenando modelo: GradientBoosting
2025-02-27 09:19:28,190 - HousingPriceModel - INFO - Mejores parámetros para GradientBoosting: {'learning_rate': 0.2, 'max_depth': 5, 'n_estimators': 200}
2025-02-27 09:19:28,191 - HousingPriceModel - INFO - Validación cruzada RMSE para GradientBoosting: 47159
2025-02-27 09:19:28,191 - HousingPriceModel - INFO - Mejor modelo: GradientBoosting con RMSE: 47159
2025-02-27 09:19:28,720 - HousingPriceModel - INFO - Analizando importancia de características basada en el modelo...
2025-02-27 09:19:29,557 - HousingPriceModel - INFO - Análisis de importancia de características completado.
2025-02-27 09:19:29,558 - HousingPriceModel - INFO - Evaluando modelo final (GradientBoosting) en conjunto de prueba...
2025-02-27 09:19:29,596 - HousingPriceModel - INFO - Evaluación final - RMSE: 45423.59, MAE: 30041.15, R²: 0.8417
2025-02-27 09:19:32,005 - HousingPriceModel - INFO - Guardando modelo final (GradientBoosting)...
2025-02-27 09:19:32,032 - HousingPriceModel - INFO - Modelo guardado en output\models\housing_model_GradientBoosting_20250227_091932.pkl
2025-02-27 09:19:32,032 - HousingPriceModel - INFO - Pipeline guardado en output\models\preprocessing_pipeline_20250227_091932.pkl
2025-02-27 09:19:32,033 - HousingPriceModel - INFO - Información del modelo guardada.
2025-02-27 09:19:32,034 - HousingPriceModel - INFO - Pipeline de entrenamiento completado exitosamente.
2025-02-27 09:19:32,034 - HousingPriceModel - INFO - Mejor modelo: GradientBoosting con RMSE: 45423.59
2025-02-27 09:58:33,507 - HousingPriceModel - INFO - Inicialización completada.
2025-02-27 09:58:33,508 - HousingPriceModel - INFO - Iniciando pipeline completo de entrenamiento...
2025-02-27 09:58:33,508 - HousingPriceModel - INFO - Cargando datos desde datasets\housing\housing.csv
2025-02-27 09:58:33,551 - HousingPriceModel - INFO - Datos cargados exitosamente. Shape: (20640, 10)
2025-02-27 09:58:33,552 - HousingPriceModel - INFO - Iniciando exploración de datos...
2025-02-27 09:58:33,599 - HousingPriceModel - INFO - Exploración básica completada.
2025-02-27 09:58:33,599 - HousingPriceModel - INFO - Generando visualizaciones...
2025-02-27 09:58:42,207 - HousingPriceModel - INFO - Visualizaciones generadas y guardadas en el directorio de figuras.
2025-02-27 09:58:42,208 - HousingPriceModel - INFO - Dividiendo datos en conjuntos de entrenamiento y prueba...
2025-02-27 10:01:56,499 - HousingPriceModel - INFO - Inicialización completada.
2025-02-27 10:01:56,500 - HousingPriceModel - INFO - Iniciando pipeline completo de entrenamiento...
2025-02-27 10:01:56,500 - HousingPriceModel - INFO - Cargando datos desde datasets\housing\housing.csv
2025-02-27 10:01:56,536 - HousingPriceModel - INFO - Datos cargados exitosamente. Shape: (20613, 10)
2025-02-27 10:01:56,536 - HousingPriceModel - INFO - Iniciando exploración de datos...
2025-02-27 10:01:56,566 - HousingPriceModel - INFO - Exploración básica completada.
2025-02-27 10:01:56,567 - HousingPriceModel - INFO - Generando visualizaciones...
2025-02-27 10:02:04,169 - HousingPriceModel - INFO - Visualizaciones generadas y guardadas en el directorio de figuras.
2025-02-27 10:02:04,170 - HousingPriceModel - INFO - Dividiendo datos en conjuntos de entrenamiento y prueba...
2025-02-27 10:02:25,946 - HousingPriceModel - INFO - Inicialización completada.
2025-02-27 10:02:25,949 - HousingPriceModel - INFO - Iniciando pipeline completo de entrenamiento...
2025-02-27 10:02:25,949 - HousingPriceModel - INFO - Cargando datos desde datasets\housing\housing.csv
2025-02-27 10:04:14,255 - HousingPriceModel - INFO - Inicialización completada.
2025-02-27 10:04:14,256 - HousingPriceModel - INFO - Iniciando pipeline completo de entrenamiento...
2025-02-27 10:04:14,256 - HousingPriceModel - INFO - Cargando datos desde datasets\housing\housing.csv
2025-02-27 10:04:14,294 - HousingPriceModel - INFO - Datos cargados exitosamente. Shape: (20613, 10)
2025-02-27 10:04:14,295 - HousingPriceModel - INFO - Iniciando exploración de datos...
2025-02-27 10:04:14,329 - HousingPriceModel - INFO - Exploración básica completada.
2025-02-27 10:04:14,329 - HousingPriceModel - INFO - Generando visualizaciones...
2025-02-27 10:04:22,006 - HousingPriceModel - INFO - Visualizaciones generadas y guardadas en el directorio de figuras.
2025-02-27 10:04:22,007 - HousingPriceModel - INFO - Dividiendo datos en conjuntos de entrenamiento y prueba...
2025-02-27 10:06:25,468 - HousingPriceModel - INFO - Inicialización completada.
2025-02-27 10:06:25,469 - HousingPriceModel - INFO - Iniciando pipeline completo de entrenamiento...
2025-02-27 10:06:25,470 - HousingPriceModel - INFO - Cargando datos desde datasets\housing\housing.csv
2025-02-27 10:06:25,530 - HousingPriceModel - INFO - Datos cargados exitosamente. Shape: (20613, 10)
2025-02-27 10:06:25,531 - HousingPriceModel - INFO - Iniciando exploración de datos...
2025-02-27 10:06:25,629 - HousingPriceModel - INFO - Exploración básica completada.
2025-02-27 10:06:25,631 - HousingPriceModel - INFO - Generando visualizaciones...
2025-02-27 10:06:41,054 - HousingPriceModel - INFO - Visualizaciones generadas y guardadas en el directorio de figuras.
2025-02-27 10:06:41,055 - HousingPriceModel - INFO - Dividiendo datos en conjuntos de entrenamiento y prueba...
2025-02-27 10:09:58,130 - HousingPriceModel - INFO - Inicialización completada.
2025-02-27 10:09:58,131 - HousingPriceModel - INFO - Iniciando pipeline completo de entrenamiento...
2025-02-27 10:09:58,132 - HousingPriceModel - INFO - Cargando datos desde datasets\housing\housing.csv
2025-02-27 10:09:58,177 - HousingPriceModel - INFO - Datos cargados exitosamente. Shape: (20640, 10)
2025-02-27 10:09:58,177 - HousingPriceModel - INFO - Iniciando exploración de datos...
2025-02-27 10:09:58,251 - HousingPriceModel - INFO - Exploración básica completada.
2025-02-27 10:09:58,252 - HousingPriceModel - INFO - Generando visualizaciones...
2025-02-27 10:10:12,300 - HousingPriceModel - INFO - Visualizaciones generadas y guardadas en el directorio de figuras.
2025-02-27 10:10:12,301 - HousingPriceModel - INFO - Dividiendo datos en conjuntos de entrenamiento y prueba...
2025-02-27 10:49:37,694 - HousingPriceModel - INFO - Inicialización completada.
2025-02-27 10:49:37,694 - HousingPriceModel - INFO - Iniciando pipeline completo de entrenamiento...
2025-02-27 10:49:37,694 - HousingPriceModel - INFO - Cargando datos desde datasets\housing\housing.csv
2025-02-27 10:49:37,731 - HousingPriceModel - INFO - Datos cargados exitosamente. Shape: (20613, 10)
2025-02-27 10:49:37,732 - HousingPriceModel - INFO - Iniciando exploración de datos...
2025-02-27 10:49:37,767 - HousingPriceModel - INFO - Exploración básica completada.
2025-02-27 10:49:37,769 - HousingPriceModel - INFO - Generando visualizaciones...
2025-02-27 10:49:45,680 - HousingPriceModel - INFO - Visualizaciones generadas y guardadas en el directorio de figuras.
2025-02-27 10:49:45,680 - HousingPriceModel - INFO - Dividiendo datos en conjuntos de entrenamiento y prueba...
2025-02-27 10:49:45,699 - HousingPriceModel - INFO - Datos divididos. Conjunto de entrenamiento: (16490, 10), Conjunto de prueba: (4123, 10)
2025-02-27 10:49:45,701 - HousingPriceModel - INFO - Preprocesando datos...
2025-02-27 10:49:45,746 - HousingPriceModel - INFO - Datos preprocesados. Shape: (16490, 16)
2025-02-27 10:49:45,747 - HousingPriceModel - INFO - Características generadas: 16
2025-02-27 10:49:45,747 - HousingPriceModel - INFO - Entrenando y evaluando modelos...
2025-02-27 10:49:45,747 - HousingPriceModel - INFO - Entrenando modelo: LinearRegression
2025-02-27 10:49:45,853 - HousingPriceModel - INFO - Validación cruzada RMSE para LinearRegression: 68305
2025-02-27 10:49:45,853 - HousingPriceModel - INFO - Entrenando modelo: ElasticNet
2025-02-27 10:49:47,145 - HousingPriceModel - INFO - Mejores parámetros para ElasticNet: {'alpha': 0.1, 'l1_ratio': 0.9}
2025-02-27 10:49:47,145 - HousingPriceModel - INFO - Validación cruzada RMSE para ElasticNet: 68356
2025-02-27 10:49:47,147 - HousingPriceModel - INFO - Entrenando modelo: RandomForest
2025-02-27 10:51:19,196 - HousingPriceModel - INFO - Inicialización completada.
2025-02-27 10:51:19,197 - HousingPriceModel - INFO - Iniciando pipeline completo de entrenamiento...
2025-02-27 10:51:19,197 - HousingPriceModel - INFO - Cargando datos desde datasets\housing\housing.csv
2025-02-27 10:51:19,232 - HousingPriceModel - ERROR - Error al cargar datos: ufunc 'invert' not supported for the input types, and the inputs could not be safely coerced to any supported types according to the casting rule ''safe''
2025-02-27 10:51:32,797 - HousingPriceModel - INFO - Inicialización completada.
2025-02-27 10:51:32,797 - HousingPriceModel - INFO - Iniciando pipeline completo de entrenamiento...
2025-02-27 10:51:32,797 - HousingPriceModel - INFO - Cargando datos desde datasets\housing\housing.csv
2025-02-27 10:51:32,832 - HousingPriceModel - INFO - Datos cargados exitosamente. Shape: (19675, 10)
2025-02-27 10:51:32,833 - HousingPriceModel - INFO - Iniciando exploración de datos...
2025-02-27 10:51:32,867 - HousingPriceModel - INFO - Exploración básica completada.
2025-02-27 10:51:32,868 - HousingPriceModel - INFO - Generando visualizaciones...
2025-02-27 10:51:41,438 - HousingPriceModel - INFO - Visualizaciones generadas y guardadas en el directorio de figuras.
2025-02-27 10:51:41,438 - HousingPriceModel - INFO - Dividiendo datos en conjuntos de entrenamiento y prueba...
2025-02-27 10:51:41,460 - HousingPriceModel - INFO - Datos divididos. Conjunto de entrenamiento: (15740, 10), Conjunto de prueba: (3935, 10)
2025-02-27 10:51:41,462 - HousingPriceModel - INFO - Preprocesando datos...
2025-02-27 10:51:41,500 - HousingPriceModel - INFO - Datos preprocesados. Shape: (15740, 16)
2025-02-27 10:51:41,501 - HousingPriceModel - INFO - Características generadas: 16
2025-02-27 10:51:41,501 - HousingPriceModel - INFO - Entrenando y evaluando modelos...
2025-02-27 10:51:41,502 - HousingPriceModel - INFO - Entrenando modelo: LinearRegression
2025-02-27 10:51:41,567 - HousingPriceModel - INFO - Validación cruzada RMSE para LinearRegression: 61173
2025-02-27 10:51:41,568 - HousingPriceModel - INFO - Entrenando modelo: ElasticNet
2025-02-27 10:51:42,692 - HousingPriceModel - INFO - Mejores parámetros para ElasticNet: {'alpha': 0.1, 'l1_ratio': 0.9}
2025-02-27 10:51:42,692 - HousingPriceModel - INFO - Validación cruzada RMSE para ElasticNet: 61206
2025-02-27 10:51:42,693 - HousingPriceModel - INFO - Entrenando modelo: RandomForest
2025-02-27 11:09:40,708 - HousingPriceModel - INFO - Mejores parámetros para RandomForest: {'max_depth': None, 'max_features': 0.5, 'n_estimators': 200}
2025-02-27 11:09:40,709 - HousingPriceModel - INFO - Validación cruzada RMSE para RandomForest: 45156
2025-02-27 11:09:40,709 - HousingPriceModel - INFO - Entrenando modelo: GradientBoosting
2025-02-27 11:18:20,675 - HousingPriceModel - INFO - Mejores parámetros para GradientBoosting: {'learning_rate': 0.2, 'max_depth': 5, 'n_estimators': 200}
2025-02-27 11:18:20,676 - HousingPriceModel - INFO - Validación cruzada RMSE para GradientBoosting: 43088
2025-02-27 11:18:20,676 - HousingPriceModel - INFO - Mejor modelo: GradientBoosting con RMSE: 43088
2025-02-27 11:18:21,160 - HousingPriceModel - INFO - Analizando importancia de características basada en el modelo...
2025-02-27 11:18:21,895 - HousingPriceModel - INFO - Análisis de importancia de características completado.
2025-02-27 11:18:21,895 - HousingPriceModel - INFO - Evaluando modelo final (GradientBoosting) en conjunto de prueba...
2025-02-27 11:18:21,923 - HousingPriceModel - INFO - Evaluación final - RMSE: 40891.25, MAE: 27845.30, R²: 0.8195
2025-02-27 11:18:23,940 - HousingPriceModel - INFO - Guardando modelo final (GradientBoosting)...
2025-02-27 11:18:24,123 - HousingPriceModel - INFO - Modelo guardado en output\models\housing_model_GradientBoosting_20250227_111823.pkl
2025-02-27 11:18:24,123 - HousingPriceModel - INFO - Pipeline guardado en output\models\preprocessing_pipeline_20250227_111823.pkl
2025-02-27 11:18:24,125 - HousingPriceModel - INFO - Información del modelo guardada.
2025-02-27 11:18:24,126 - HousingPriceModel - INFO - Pipeline de entrenamiento completado exitosamente.
2025-02-27 11:18:24,126 - HousingPriceModel - INFO - Mejor modelo: GradientBoosting con RMSE: 40891.25
